2025-06-23 22:02:32 – Deploy script update (v:08b51ba)
2025-06-23 22:03:45 – Fixed few typos (v:797eb3e)
2025-06-23 22:06:18 – Fixed few more typos (v:92b2805)
2025-06-23 22:08:28 – Updated site title (v:8b15a81)
2025-06-23 22:53:13 – Font update (v:f20a21e)
2025-06-23 23:26:02 – Style update (v:c0e2e06)
2025-06-23 23:30:19 – Bug fix (v:2423cf9)
2025-06-23 23:33:27 – CSS bug fix (v:8398af2)
2025-06-23 23:35:26 – Countdown height fix (v:3092ea0)
2025-06-23 23:51:10 – design update (v:b84d961)
2025-06-24 00:06:35 – design update (v:5e670b1)
2025-06-24 00:12:09 – size update (v:dde3044)
2025-06-24 00:29:56 – font update (v:21e9f73)
2025-06-24 09:07:35 – domain prep and style update (v:c01d1ec)
2025-06-24 20:16:39 – title change (v:822ce35)
2025-06-24 20:20:13 – text (v:10d0050)
2025-06-24 20:25:36 – bug fix (v:85df805)
2025-06-24 20:29:28 – font size fix (v:5c8c87d)
2025-06-24 20:31:18 – fix font size (v:298eba0)
2025-07-02 14:51:47 – major changes (v:a5d78cb)
2025-07-02 14:52:37 – major changes (v:a5d78cb)
2025-07-02 14:57:21 – big fix (v:9e2d313)
2025-07-02 14:59:35 – bug fix (v:9e2d313)
2025-07-03 00:40:52 – first team (v:c18953e)
